执行日期：2017-04-14-11：21：40
【接收到的notify通知】:
<xml><appid><![CDATA[wxbc71eabba91a3232]]></appid>
<attach><![CDATA[23465]]></attach>
<bank_type><![CDATA[CFT]]></bank_type>
<cash_fee><![CDATA[990]]></cash_fee>
<fee_type><![CDATA[CNY]]></fee_type>
<is_subscribe><![CDATA[N]]></is_subscribe>
<mch_id><![CDATA[1366848402]]></mch_id>
<nonce_str><![CDATA[1f56t0v1n7rvi6213ui7vy0eyyfqlmja]]></nonce_str>
<openid><![CDATA[oh1jhw6t9Q-cZYY6DpoBbAwWHibs]]></openid>
<out_trade_no><![CDATA[23465]]></out_trade_no>
<result_code><![CDATA[SUCCESS]]></result_code>
<return_code><![CDATA[SUCCESS]]></return_code>
<sign><![CDATA[7637A2B49C127532FF9E067523FCC41A]]></sign>
<time_end><![CDATA[20170414112140]]></time_end>
<total_fee>990</total_fee>
<trade_type><![CDATA[NATIVE]]></trade_type>
<transaction_id><![CDATA[4006152001201704146941059924]]></transaction_id>
</xml>


执行日期：2017-04-14-11：21：40
【支付成功】:
<xml><appid><![CDATA[wxbc71eabba91a3232]]></appid>
<attach><![CDATA[23465]]></attach>
<bank_type><![CDATA[CFT]]></bank_type>
<cash_fee><![CDATA[990]]></cash_fee>
<fee_type><![CDATA[CNY]]></fee_type>
<is_subscribe><![CDATA[N]]></is_subscribe>
<mch_id><![CDATA[1366848402]]></mch_id>
<nonce_str><![CDATA[1f56t0v1n7rvi6213ui7vy0eyyfqlmja]]></nonce_str>
<openid><![CDATA[oh1jhw6t9Q-cZYY6DpoBbAwWHibs]]></openid>
<out_trade_no><![CDATA[23465]]></out_trade_no>
<result_code><![CDATA[SUCCESS]]></result_code>
<return_code><![CDATA[SUCCESS]]></return_code>
<sign><![CDATA[7637A2B49C127532FF9E067523FCC41A]]></sign>
<time_end><![CDATA[20170414112140]]></time_end>
<total_fee>990</total_fee>
<trade_type><![CDATA[NATIVE]]></trade_type>
<transaction_id><![CDATA[4006152001201704146941059924]]></transaction_id>
</xml>


执行日期：2017-04-14-11：21：52
【接收到的notify通知】:
<xml><appid><![CDATA[wxbc71eabba91a3232]]></appid>
<attach><![CDATA[23465]]></attach>
<bank_type><![CDATA[CFT]]></bank_type>
<cash_fee><![CDATA[990]]></cash_fee>
<fee_type><![CDATA[CNY]]></fee_type>
<is_subscribe><![CDATA[N]]></is_subscribe>
<mch_id><![CDATA[1366848402]]></mch_id>
<nonce_str><![CDATA[1f56t0v1n7rvi6213ui7vy0eyyfqlmja]]></nonce_str>
<openid><![CDATA[oh1jhw6t9Q-cZYY6DpoBbAwWHibs]]></openid>
<out_trade_no><![CDATA[23465]]></out_trade_no>
<result_code><![CDATA[SUCCESS]]></result_code>
<return_code><![CDATA[SUCCESS]]></return_code>
<sign><![CDATA[7637A2B49C127532FF9E067523FCC41A]]></sign>
<time_end><![CDATA[20170414112140]]></time_end>
<total_fee>990</total_fee>
<trade_type><![CDATA[NATIVE]]></trade_type>
<transaction_id><![CDATA[4006152001201704146941059924]]></transaction_id>
</xml>


执行日期：2017-04-14-11：21：52
【支付成功】:
<xml><appid><![CDATA[wxbc71eabba91a3232]]></appid>
<attach><![CDATA[23465]]></attach>
<bank_type><![CDATA[CFT]]></bank_type>
<cash_fee><![CDATA[990]]></cash_fee>
<fee_type><![CDATA[CNY]]></fee_type>
<is_subscribe><![CDATA[N]]></is_subscribe>
<mch_id><![CDATA[1366848402]]></mch_id>
<nonce_str><![CDATA[1f56t0v1n7rvi6213ui7vy0eyyfqlmja]]></nonce_str>
<openid><![CDATA[oh1jhw6t9Q-cZYY6DpoBbAwWHibs]]></openid>
<out_trade_no><![CDATA[23465]]></out_trade_no>
<result_code><![CDATA[SUCCESS]]></result_code>
<return_code><![CDATA[SUCCESS]]></return_code>
<sign><![CDATA[7637A2B49C127532FF9E067523FCC41A]]></sign>
<time_end><![CDATA[20170414112140]]></time_end>
<total_fee>990</total_fee>
<trade_type><![CDATA[NATIVE]]></trade_type>
<transaction_id><![CDATA[4006152001201704146941059924]]></transaction_id>
</xml>


执行日期：2017-04-14-16：53：20
【接收到的notify通知】:
<xml><appid><![CDATA[wxbc71eabba91a3232]]></appid>
<attach><![CDATA[23477]]></attach>
<bank_type><![CDATA[CFT]]></bank_type>
<cash_fee><![CDATA[2990]]></cash_fee>
<fee_type><![CDATA[CNY]]></fee_type>
<is_subscribe><![CDATA[N]]></is_subscribe>
<mch_id><![CDATA[1366848402]]></mch_id>
<nonce_str><![CDATA[p2yms09yg9dggiylnhcegqkahduw9qr9]]></nonce_str>
<openid><![CDATA[oh1jhw6t9Q-cZYY6DpoBbAwWHibs]]></openid>
<out_trade_no><![CDATA[23477]]></out_trade_no>
<result_code><![CDATA[SUCCESS]]></result_code>
<return_code><![CDATA[SUCCESS]]></return_code>
<sign><![CDATA[E255AE48C116C3F6458DEE8552C89C6C]]></sign>
<time_end><![CDATA[20170414165319]]></time_end>
<total_fee>2990</total_fee>
<trade_type><![CDATA[NATIVE]]></trade_type>
<transaction_id><![CDATA[4006152001201704146977374545]]></transaction_id>
</xml>


执行日期：2017-04-14-16：53：20
【支付成功】:
<xml><appid><![CDATA[wxbc71eabba91a3232]]></appid>
<attach><![CDATA[23477]]></attach>
<bank_type><![CDATA[CFT]]></bank_type>
<cash_fee><![CDATA[2990]]></cash_fee>
<fee_type><![CDATA[CNY]]></fee_type>
<is_subscribe><![CDATA[N]]></is_subscribe>
<mch_id><![CDATA[1366848402]]></mch_id>
<nonce_str><![CDATA[p2yms09yg9dggiylnhcegqkahduw9qr9]]></nonce_str>
<openid><![CDATA[oh1jhw6t9Q-cZYY6DpoBbAwWHibs]]></openid>
<out_trade_no><![CDATA[23477]]></out_trade_no>
<result_code><![CDATA[SUCCESS]]></result_code>
<return_code><![CDATA[SUCCESS]]></return_code>
<sign><![CDATA[E255AE48C116C3F6458DEE8552C89C6C]]></sign>
<time_end><![CDATA[20170414165319]]></time_end>
<total_fee>2990</total_fee>
<trade_type><![CDATA[NATIVE]]></trade_type>
<transaction_id><![CDATA[4006152001201704146977374545]]></transaction_id>
</xml>


执行日期：2017-04-16-00：34：23
【接收到的notify通知】:
<xml><appid><![CDATA[wxbc71eabba91a3232]]></appid>
<attach><![CDATA[23573]]></attach>
<bank_type><![CDATA[CFT]]></bank_type>
<cash_fee><![CDATA[2990]]></cash_fee>
<fee_type><![CDATA[CNY]]></fee_type>
<is_subscribe><![CDATA[N]]></is_subscribe>
<mch_id><![CDATA[1366848402]]></mch_id>
<nonce_str><![CDATA[kj3jp6jezek8pd0pbx6azivhkc39vpc0]]></nonce_str>
<openid><![CDATA[oh1jhw4kpDuh9PcFhCZmmk8gEXaU]]></openid>
<out_trade_no><![CDATA[23573]]></out_trade_no>
<result_code><![CDATA[SUCCESS]]></result_code>
<return_code><![CDATA[SUCCESS]]></return_code>
<sign><![CDATA[AB862721022EBC5AC4586EDDFC9B0424]]></sign>
<time_end><![CDATA[20170416003422]]></time_end>
<total_fee>2990</total_fee>
<trade_type><![CDATA[NATIVE]]></trade_type>
<transaction_id><![CDATA[4007602001201704167153829864]]></transaction_id>
</xml>


执行日期：2017-04-16-00：34：23
【支付成功】:
<xml><appid><![CDATA[wxbc71eabba91a3232]]></appid>
<attach><![CDATA[23573]]></attach>
<bank_type><![CDATA[CFT]]></bank_type>
<cash_fee><![CDATA[2990]]></cash_fee>
<fee_type><![CDATA[CNY]]></fee_type>
<is_subscribe><![CDATA[N]]></is_subscribe>
<mch_id><![CDATA[1366848402]]></mch_id>
<nonce_str><![CDATA[kj3jp6jezek8pd0pbx6azivhkc39vpc0]]></nonce_str>
<openid><![CDATA[oh1jhw4kpDuh9PcFhCZmmk8gEXaU]]></openid>
<out_trade_no><![CDATA[23573]]></out_trade_no>
<result_code><![CDATA[SUCCESS]]></result_code>
<return_code><![CDATA[SUCCESS]]></return_code>
<sign><![CDATA[AB862721022EBC5AC4586EDDFC9B0424]]></sign>
<time_end><![CDATA[20170416003422]]></time_end>
<total_fee>2990</total_fee>
<trade_type><![CDATA[NATIVE]]></trade_type>
<transaction_id><![CDATA[4007602001201704167153829864]]></transaction_id>
</xml>


执行日期：2017-04-28-09：06：06
【接收到的notify通知】:
<xml><appid><![CDATA[wxbc71eabba91a3232]]></appid>
<attach><![CDATA[23849]]></attach>
<bank_type><![CDATA[CEB_DEBIT]]></bank_type>
<cash_fee><![CDATA[19900]]></cash_fee>
<fee_type><![CDATA[CNY]]></fee_type>
<is_subscribe><![CDATA[N]]></is_subscribe>
<mch_id><![CDATA[1366848402]]></mch_id>
<nonce_str><![CDATA[wybzdo0o9xu3viokmolybn6g6wqny0lr]]></nonce_str>
<openid><![CDATA[oh1jhw-WyD9OgKigsuLNHlC9E1_Y]]></openid>
<out_trade_no><![CDATA[23849]]></out_trade_no>
<result_code><![CDATA[SUCCESS]]></result_code>
<return_code><![CDATA[SUCCESS]]></return_code>
<sign><![CDATA[E7153A89C9AC4FC62F2C1FD462C7C660]]></sign>
<time_end><![CDATA[20170428090605]]></time_end>
<total_fee>19900</total_fee>
<trade_type><![CDATA[NATIVE]]></trade_type>
<transaction_id><![CDATA[4009712001201704288624629364]]></transaction_id>
</xml>


执行日期：2017-04-28-09：06：06
【支付成功】:
<xml><appid><![CDATA[wxbc71eabba91a3232]]></appid>
<attach><![CDATA[23849]]></attach>
<bank_type><![CDATA[CEB_DEBIT]]></bank_type>
<cash_fee><![CDATA[19900]]></cash_fee>
<fee_type><![CDATA[CNY]]></fee_type>
<is_subscribe><![CDATA[N]]></is_subscribe>
<mch_id><![CDATA[1366848402]]></mch_id>
<nonce_str><![CDATA[wybzdo0o9xu3viokmolybn6g6wqny0lr]]></nonce_str>
<openid><![CDATA[oh1jhw-WyD9OgKigsuLNHlC9E1_Y]]></openid>
<out_trade_no><![CDATA[23849]]></out_trade_no>
<result_code><![CDATA[SUCCESS]]></result_code>
<return_code><![CDATA[SUCCESS]]></return_code>
<sign><![CDATA[E7153A89C9AC4FC62F2C1FD462C7C660]]></sign>
<time_end><![CDATA[20170428090605]]></time_end>
<total_fee>19900</total_fee>
<trade_type><![CDATA[NATIVE]]></trade_type>
<transaction_id><![CDATA[4009712001201704288624629364]]></transaction_id>
</xml>


执行日期：2017-04-28-09：06：21
【接收到的notify通知】:
<xml><appid><![CDATA[wxbc71eabba91a3232]]></appid>
<attach><![CDATA[23849]]></attach>
<bank_type><![CDATA[CEB_DEBIT]]></bank_type>
<cash_fee><![CDATA[19900]]></cash_fee>
<fee_type><![CDATA[CNY]]></fee_type>
<is_subscribe><![CDATA[N]]></is_subscribe>
<mch_id><![CDATA[1366848402]]></mch_id>
<nonce_str><![CDATA[wybzdo0o9xu3viokmolybn6g6wqny0lr]]></nonce_str>
<openid><![CDATA[oh1jhw-WyD9OgKigsuLNHlC9E1_Y]]></openid>
<out_trade_no><![CDATA[23849]]></out_trade_no>
<result_code><![CDATA[SUCCESS]]></result_code>
<return_code><![CDATA[SUCCESS]]></return_code>
<sign><![CDATA[E7153A89C9AC4FC62F2C1FD462C7C660]]></sign>
<time_end><![CDATA[20170428090605]]></time_end>
<total_fee>19900</total_fee>
<trade_type><![CDATA[NATIVE]]></trade_type>
<transaction_id><![CDATA[4009712001201704288624629364]]></transaction_id>
</xml>


执行日期：2017-04-28-09：06：21
【支付成功】:
<xml><appid><![CDATA[wxbc71eabba91a3232]]></appid>
<attach><![CDATA[23849]]></attach>
<bank_type><![CDATA[CEB_DEBIT]]></bank_type>
<cash_fee><![CDATA[19900]]></cash_fee>
<fee_type><![CDATA[CNY]]></fee_type>
<is_subscribe><![CDATA[N]]></is_subscribe>
<mch_id><![CDATA[1366848402]]></mch_id>
<nonce_str><![CDATA[wybzdo0o9xu3viokmolybn6g6wqny0lr]]></nonce_str>
<openid><![CDATA[oh1jhw-WyD9OgKigsuLNHlC9E1_Y]]></openid>
<out_trade_no><![CDATA[23849]]></out_trade_no>
<result_code><![CDATA[SUCCESS]]></result_code>
<return_code><![CDATA[SUCCESS]]></return_code>
<sign><![CDATA[E7153A89C9AC4FC62F2C1FD462C7C660]]></sign>
<time_end><![CDATA[20170428090605]]></time_end>
<total_fee>19900</total_fee>
<trade_type><![CDATA[NATIVE]]></trade_type>
<transaction_id><![CDATA[4009712001201704288624629364]]></transaction_id>
</xml>


执行日期：2017-05-04-22：16：59
【接收到的notify通知】:
<xml><appid><![CDATA[wxbc71eabba91a3232]]></appid>
<attach><![CDATA[24029]]></attach>
<bank_type><![CDATA[CMB_DEBIT]]></bank_type>
<cash_fee><![CDATA[19900]]></cash_fee>
<fee_type><![CDATA[CNY]]></fee_type>
<is_subscribe><![CDATA[N]]></is_subscribe>
<mch_id><![CDATA[1366848402]]></mch_id>
<nonce_str><![CDATA[u44g1d14jfl2h6xvg9ijebgezkdlxbcl]]></nonce_str>
<openid><![CDATA[oh1jhw9fMcAiwvWPvCzy5IzxE-qw]]></openid>
<out_trade_no><![CDATA[24029]]></out_trade_no>
<result_code><![CDATA[SUCCESS]]></result_code>
<return_code><![CDATA[SUCCESS]]></return_code>
<sign><![CDATA[1E1366D6938CB614F8D1201B0AF5FA0B]]></sign>
<time_end><![CDATA[20170504221657]]></time_end>
<total_fee>19900</total_fee>
<trade_type><![CDATA[NATIVE]]></trade_type>
<transaction_id><![CDATA[4007272001201705049586423915]]></transaction_id>
</xml>


执行日期：2017-05-04-22：16：59
【支付成功】:
<xml><appid><![CDATA[wxbc71eabba91a3232]]></appid>
<attach><![CDATA[24029]]></attach>
<bank_type><![CDATA[CMB_DEBIT]]></bank_type>
<cash_fee><![CDATA[19900]]></cash_fee>
<fee_type><![CDATA[CNY]]></fee_type>
<is_subscribe><![CDATA[N]]></is_subscribe>
<mch_id><![CDATA[1366848402]]></mch_id>
<nonce_str><![CDATA[u44g1d14jfl2h6xvg9ijebgezkdlxbcl]]></nonce_str>
<openid><![CDATA[oh1jhw9fMcAiwvWPvCzy5IzxE-qw]]></openid>
<out_trade_no><![CDATA[24029]]></out_trade_no>
<result_code><![CDATA[SUCCESS]]></result_code>
<return_code><![CDATA[SUCCESS]]></return_code>
<sign><![CDATA[1E1366D6938CB614F8D1201B0AF5FA0B]]></sign>
<time_end><![CDATA[20170504221657]]></time_end>
<total_fee>19900</total_fee>
<trade_type><![CDATA[NATIVE]]></trade_type>
<transaction_id><![CDATA[4007272001201705049586423915]]></transaction_id>
</xml>


执行日期：2017-05-04-22：17：11
【接收到的notify通知】:
<xml><appid><![CDATA[wxbc71eabba91a3232]]></appid>
<attach><![CDATA[24029]]></attach>
<bank_type><![CDATA[CMB_DEBIT]]></bank_type>
<cash_fee><![CDATA[19900]]></cash_fee>
<fee_type><![CDATA[CNY]]></fee_type>
<is_subscribe><![CDATA[N]]></is_subscribe>
<mch_id><![CDATA[1366848402]]></mch_id>
<nonce_str><![CDATA[u44g1d14jfl2h6xvg9ijebgezkdlxbcl]]></nonce_str>
<openid><![CDATA[oh1jhw9fMcAiwvWPvCzy5IzxE-qw]]></openid>
<out_trade_no><![CDATA[24029]]></out_trade_no>
<result_code><![CDATA[SUCCESS]]></result_code>
<return_code><![CDATA[SUCCESS]]></return_code>
<sign><![CDATA[1E1366D6938CB614F8D1201B0AF5FA0B]]></sign>
<time_end><![CDATA[20170504221657]]></time_end>
<total_fee>19900</total_fee>
<trade_type><![CDATA[NATIVE]]></trade_type>
<transaction_id><![CDATA[4007272001201705049586423915]]></transaction_id>
</xml>


执行日期：2017-05-04-22：17：11
【支付成功】:
<xml><appid><![CDATA[wxbc71eabba91a3232]]></appid>
<attach><![CDATA[24029]]></attach>
<bank_type><![CDATA[CMB_DEBIT]]></bank_type>
<cash_fee><![CDATA[19900]]></cash_fee>
<fee_type><![CDATA[CNY]]></fee_type>
<is_subscribe><![CDATA[N]]></is_subscribe>
<mch_id><![CDATA[1366848402]]></mch_id>
<nonce_str><![CDATA[u44g1d14jfl2h6xvg9ijebgezkdlxbcl]]></nonce_str>
<openid><![CDATA[oh1jhw9fMcAiwvWPvCzy5IzxE-qw]]></openid>
<out_trade_no><![CDATA[24029]]></out_trade_no>
<result_code><![CDATA[SUCCESS]]></result_code>
<return_code><![CDATA[SUCCESS]]></return_code>
<sign><![CDATA[1E1366D6938CB614F8D1201B0AF5FA0B]]></sign>
<time_end><![CDATA[20170504221657]]></time_end>
<total_fee>19900</total_fee>
<trade_type><![CDATA[NATIVE]]></trade_type>
<transaction_id><![CDATA[4007272001201705049586423915]]></transaction_id>
</xml>


执行日期：2017-05-06-01：24：08
【接收到的notify通知】:
<xml><appid><![CDATA[wxbc71eabba91a3232]]></appid>
<attach><![CDATA[24077]]></attach>
<bank_type><![CDATA[CFT]]></bank_type>
<cash_fee><![CDATA[60000]]></cash_fee>
<fee_type><![CDATA[CNY]]></fee_type>
<is_subscribe><![CDATA[N]]></is_subscribe>
<mch_id><![CDATA[1366848402]]></mch_id>
<nonce_str><![CDATA[gd1t78switqwtcyqpazgkvg6k06yf3fo]]></nonce_str>
<openid><![CDATA[oh1jhw2eVIPfTEw6r067Z_c7vm-s]]></openid>
<out_trade_no><![CDATA[24077]]></out_trade_no>
<result_code><![CDATA[SUCCESS]]></result_code>
<return_code><![CDATA[SUCCESS]]></return_code>
<sign><![CDATA[2BB4E4A393DC32F3822E9DD60B24783C]]></sign>
<time_end><![CDATA[20170506012407]]></time_end>
<total_fee>60000</total_fee>
<trade_type><![CDATA[NATIVE]]></trade_type>
<transaction_id><![CDATA[4009882001201705069734568866]]></transaction_id>
</xml>


执行日期：2017-05-06-01：24：08
【支付成功】:
<xml><appid><![CDATA[wxbc71eabba91a3232]]></appid>
<attach><![CDATA[24077]]></attach>
<bank_type><![CDATA[CFT]]></bank_type>
<cash_fee><![CDATA[60000]]></cash_fee>
<fee_type><![CDATA[CNY]]></fee_type>
<is_subscribe><![CDATA[N]]></is_subscribe>
<mch_id><![CDATA[1366848402]]></mch_id>
<nonce_str><![CDATA[gd1t78switqwtcyqpazgkvg6k06yf3fo]]></nonce_str>
<openid><![CDATA[oh1jhw2eVIPfTEw6r067Z_c7vm-s]]></openid>
<out_trade_no><![CDATA[24077]]></out_trade_no>
<result_code><![CDATA[SUCCESS]]></result_code>
<return_code><![CDATA[SUCCESS]]></return_code>
<sign><![CDATA[2BB4E4A393DC32F3822E9DD60B24783C]]></sign>
<time_end><![CDATA[20170506012407]]></time_end>
<total_fee>60000</total_fee>
<trade_type><![CDATA[NATIVE]]></trade_type>
<transaction_id><![CDATA[4009882001201705069734568866]]></transaction_id>
</xml>


执行日期：2017-05-08-13：26：02
【接收到的notify通知】:
<xml><appid><![CDATA[wxbc71eabba91a3232]]></appid>
<attach><![CDATA[24149]]></attach>
<bank_type><![CDATA[COMM_CREDIT]]></bank_type>
<cash_fee><![CDATA[1990]]></cash_fee>
<fee_type><![CDATA[CNY]]></fee_type>
<is_subscribe><![CDATA[N]]></is_subscribe>
<mch_id><![CDATA[1366848402]]></mch_id>
<nonce_str><![CDATA[b7qc1w2epqi6kobg69e4syg31vvfu32y]]></nonce_str>
<openid><![CDATA[oh1jhw8Zry4OZP4j3nQfDQnXteX0]]></openid>
<out_trade_no><![CDATA[24149]]></out_trade_no>
<result_code><![CDATA[SUCCESS]]></result_code>
<return_code><![CDATA[SUCCESS]]></return_code>
<sign><![CDATA[5A8543A260B3DD61659EE266F188BBBF]]></sign>
<time_end><![CDATA[20170508132602]]></time_end>
<total_fee>1990</total_fee>
<trade_type><![CDATA[NATIVE]]></trade_type>
<transaction_id><![CDATA[4005672001201705080042560710]]></transaction_id>
</xml>


执行日期：2017-05-08-13：26：02
【支付成功】:
<xml><appid><![CDATA[wxbc71eabba91a3232]]></appid>
<attach><![CDATA[24149]]></attach>
<bank_type><![CDATA[COMM_CREDIT]]></bank_type>
<cash_fee><![CDATA[1990]]></cash_fee>
<fee_type><![CDATA[CNY]]></fee_type>
<is_subscribe><![CDATA[N]]></is_subscribe>
<mch_id><![CDATA[1366848402]]></mch_id>
<nonce_str><![CDATA[b7qc1w2epqi6kobg69e4syg31vvfu32y]]></nonce_str>
<openid><![CDATA[oh1jhw8Zry4OZP4j3nQfDQnXteX0]]></openid>
<out_trade_no><![CDATA[24149]]></out_trade_no>
<result_code><![CDATA[SUCCESS]]></result_code>
<return_code><![CDATA[SUCCESS]]></return_code>
<sign><![CDATA[5A8543A260B3DD61659EE266F188BBBF]]></sign>
<time_end><![CDATA[20170508132602]]></time_end>
<total_fee>1990</total_fee>
<trade_type><![CDATA[NATIVE]]></trade_type>
<transaction_id><![CDATA[4005672001201705080042560710]]></transaction_id>
</xml>


执行日期：2017-05-08-13：26：19
【接收到的notify通知】:
<xml><appid><![CDATA[wxbc71eabba91a3232]]></appid>
<attach><![CDATA[24149]]></attach>
<bank_type><![CDATA[COMM_CREDIT]]></bank_type>
<cash_fee><![CDATA[1990]]></cash_fee>
<fee_type><![CDATA[CNY]]></fee_type>
<is_subscribe><![CDATA[N]]></is_subscribe>
<mch_id><![CDATA[1366848402]]></mch_id>
<nonce_str><![CDATA[b7qc1w2epqi6kobg69e4syg31vvfu32y]]></nonce_str>
<openid><![CDATA[oh1jhw8Zry4OZP4j3nQfDQnXteX0]]></openid>
<out_trade_no><![CDATA[24149]]></out_trade_no>
<result_code><![CDATA[SUCCESS]]></result_code>
<return_code><![CDATA[SUCCESS]]></return_code>
<sign><![CDATA[5A8543A260B3DD61659EE266F188BBBF]]></sign>
<time_end><![CDATA[20170508132602]]></time_end>
<total_fee>1990</total_fee>
<trade_type><![CDATA[NATIVE]]></trade_type>
<transaction_id><![CDATA[4005672001201705080042560710]]></transaction_id>
</xml>


执行日期：2017-05-08-13：26：19
【支付成功】:
<xml><appid><![CDATA[wxbc71eabba91a3232]]></appid>
<attach><![CDATA[24149]]></attach>
<bank_type><![CDATA[COMM_CREDIT]]></bank_type>
<cash_fee><![CDATA[1990]]></cash_fee>
<fee_type><![CDATA[CNY]]></fee_type>
<is_subscribe><![CDATA[N]]></is_subscribe>
<mch_id><![CDATA[1366848402]]></mch_id>
<nonce_str><![CDATA[b7qc1w2epqi6kobg69e4syg31vvfu32y]]></nonce_str>
<openid><![CDATA[oh1jhw8Zry4OZP4j3nQfDQnXteX0]]></openid>
<out_trade_no><![CDATA[24149]]></out_trade_no>
<result_code><![CDATA[SUCCESS]]></result_code>
<return_code><![CDATA[SUCCESS]]></return_code>
<sign><![CDATA[5A8543A260B3DD61659EE266F188BBBF]]></sign>
<time_end><![CDATA[20170508132602]]></time_end>
<total_fee>1990</total_fee>
<trade_type><![CDATA[NATIVE]]></trade_type>
<transaction_id><![CDATA[4005672001201705080042560710]]></transaction_id>
</xml>


执行日期：2017-05-08-13：43：39
【接收到的notify通知】:
<xml><appid><![CDATA[wxbc71eabba91a3232]]></appid>
<attach><![CDATA[24161]]></attach>
<bank_type><![CDATA[COMM_CREDIT]]></bank_type>
<cash_fee><![CDATA[9900]]></cash_fee>
<fee_type><![CDATA[CNY]]></fee_type>
<is_subscribe><![CDATA[N]]></is_subscribe>
<mch_id><![CDATA[1366848402]]></mch_id>
<nonce_str><![CDATA[k2vwabf65vj1tchkxts7uau7awvt4sa8]]></nonce_str>
<openid><![CDATA[oh1jhw8Zry4OZP4j3nQfDQnXteX0]]></openid>
<out_trade_no><![CDATA[24161]]></out_trade_no>
<result_code><![CDATA[SUCCESS]]></result_code>
<return_code><![CDATA[SUCCESS]]></return_code>
<sign><![CDATA[2C2FE0ACEBB2F75828D469B0B227E948]]></sign>
<time_end><![CDATA[20170508134337]]></time_end>
<total_fee>9900</total_fee>
<trade_type><![CDATA[NATIVE]]></trade_type>
<transaction_id><![CDATA[4005672001201705080037928687]]></transaction_id>
</xml>


执行日期：2017-05-08-13：43：39
【支付成功】:
<xml><appid><![CDATA[wxbc71eabba91a3232]]></appid>
<attach><![CDATA[24161]]></attach>
<bank_type><![CDATA[COMM_CREDIT]]></bank_type>
<cash_fee><![CDATA[9900]]></cash_fee>
<fee_type><![CDATA[CNY]]></fee_type>
<is_subscribe><![CDATA[N]]></is_subscribe>
<mch_id><![CDATA[1366848402]]></mch_id>
<nonce_str><![CDATA[k2vwabf65vj1tchkxts7uau7awvt4sa8]]></nonce_str>
<openid><![CDATA[oh1jhw8Zry4OZP4j3nQfDQnXteX0]]></openid>
<out_trade_no><![CDATA[24161]]></out_trade_no>
<result_code><![CDATA[SUCCESS]]></result_code>
<return_code><![CDATA[SUCCESS]]></return_code>
<sign><![CDATA[2C2FE0ACEBB2F75828D469B0B227E948]]></sign>
<time_end><![CDATA[20170508134337]]></time_end>
<total_fee>9900</total_fee>
<trade_type><![CDATA[NATIVE]]></trade_type>
<transaction_id><![CDATA[4005672001201705080037928687]]></transaction_id>
</xml>


执行日期：2017-05-16-10：28：36
【接收到的notify通知】:
<xml><appid><![CDATA[wxbc71eabba91a3232]]></appid>
<attach><![CDATA[24389]]></attach>
<bank_type><![CDATA[CFT]]></bank_type>
<cash_fee><![CDATA[1990]]></cash_fee>
<fee_type><![CDATA[CNY]]></fee_type>
<is_subscribe><![CDATA[N]]></is_subscribe>
<mch_id><![CDATA[1366848402]]></mch_id>
<nonce_str><![CDATA[012hxwrnhxt5qx7kyxjk8d8bakwz7zkv]]></nonce_str>
<openid><![CDATA[oh1jhw-PKfoDIWv6Am0QYwDY9flc]]></openid>
<out_trade_no><![CDATA[24389]]></out_trade_no>
<result_code><![CDATA[SUCCESS]]></result_code>
<return_code><![CDATA[SUCCESS]]></return_code>
<sign><![CDATA[740B30F092A788CFCB37B9A470FA0EB4]]></sign>
<time_end><![CDATA[20170516102835]]></time_end>
<total_fee>1990</total_fee>
<trade_type><![CDATA[NATIVE]]></trade_type>
<transaction_id><![CDATA[4004732001201705161041129181]]></transaction_id>
</xml>


执行日期：2017-05-16-10：28：36
【支付成功】:
<xml><appid><![CDATA[wxbc71eabba91a3232]]></appid>
<attach><![CDATA[24389]]></attach>
<bank_type><![CDATA[CFT]]></bank_type>
<cash_fee><![CDATA[1990]]></cash_fee>
<fee_type><![CDATA[CNY]]></fee_type>
<is_subscribe><![CDATA[N]]></is_subscribe>
<mch_id><![CDATA[1366848402]]></mch_id>
<nonce_str><![CDATA[012hxwrnhxt5qx7kyxjk8d8bakwz7zkv]]></nonce_str>
<openid><![CDATA[oh1jhw-PKfoDIWv6Am0QYwDY9flc]]></openid>
<out_trade_no><![CDATA[24389]]></out_trade_no>
<result_code><![CDATA[SUCCESS]]></result_code>
<return_code><![CDATA[SUCCESS]]></return_code>
<sign><![CDATA[740B30F092A788CFCB37B9A470FA0EB4]]></sign>
<time_end><![CDATA[20170516102835]]></time_end>
<total_fee>1990</total_fee>
<trade_type><![CDATA[NATIVE]]></trade_type>
<transaction_id><![CDATA[4004732001201705161041129181]]></transaction_id>
</xml>


执行日期：2017-05-16-10：28：49
【接收到的notify通知】:
<xml><appid><![CDATA[wxbc71eabba91a3232]]></appid>
<attach><![CDATA[24389]]></attach>
<bank_type><![CDATA[CFT]]></bank_type>
<cash_fee><![CDATA[1990]]></cash_fee>
<fee_type><![CDATA[CNY]]></fee_type>
<is_subscribe><![CDATA[N]]></is_subscribe>
<mch_id><![CDATA[1366848402]]></mch_id>
<nonce_str><![CDATA[012hxwrnhxt5qx7kyxjk8d8bakwz7zkv]]></nonce_str>
<openid><![CDATA[oh1jhw-PKfoDIWv6Am0QYwDY9flc]]></openid>
<out_trade_no><![CDATA[24389]]></out_trade_no>
<result_code><![CDATA[SUCCESS]]></result_code>
<return_code><![CDATA[SUCCESS]]></return_code>
<sign><![CDATA[740B30F092A788CFCB37B9A470FA0EB4]]></sign>
<time_end><![CDATA[20170516102835]]></time_end>
<total_fee>1990</total_fee>
<trade_type><![CDATA[NATIVE]]></trade_type>
<transaction_id><![CDATA[4004732001201705161041129181]]></transaction_id>
</xml>


执行日期：2017-05-16-10：28：49
【支付成功】:
<xml><appid><![CDATA[wxbc71eabba91a3232]]></appid>
<attach><![CDATA[24389]]></attach>
<bank_type><![CDATA[CFT]]></bank_type>
<cash_fee><![CDATA[1990]]></cash_fee>
<fee_type><![CDATA[CNY]]></fee_type>
<is_subscribe><![CDATA[N]]></is_subscribe>
<mch_id><![CDATA[1366848402]]></mch_id>
<nonce_str><![CDATA[012hxwrnhxt5qx7kyxjk8d8bakwz7zkv]]></nonce_str>
<openid><![CDATA[oh1jhw-PKfoDIWv6Am0QYwDY9flc]]></openid>
<out_trade_no><![CDATA[24389]]></out_trade_no>
<result_code><![CDATA[SUCCESS]]></result_code>
<return_code><![CDATA[SUCCESS]]></return_code>
<sign><![CDATA[740B30F092A788CFCB37B9A470FA0EB4]]></sign>
<time_end><![CDATA[20170516102835]]></time_end>
<total_fee>1990</total_fee>
<trade_type><![CDATA[NATIVE]]></trade_type>
<transaction_id><![CDATA[4004732001201705161041129181]]></transaction_id>
</xml>


执行日期：2017-05-22-02：44：59
【接收到的notify通知】:
<xml><appid><![CDATA[wxbc71eabba91a3232]]></appid>
<attach><![CDATA[24665]]></attach>
<bank_type><![CDATA[CMB_CREDIT]]></bank_type>
<cash_fee><![CDATA[15900]]></cash_fee>
<fee_type><![CDATA[CNY]]></fee_type>
<is_subscribe><![CDATA[N]]></is_subscribe>
<mch_id><![CDATA[1366848402]]></mch_id>
<nonce_str><![CDATA[a0hrq1s97zwtmw3lb07c0kkj151jew6i]]></nonce_str>
<openid><![CDATA[oh1jhw_NuWtza9V_1bIDPJxB1NA8]]></openid>
<out_trade_no><![CDATA[24665]]></out_trade_no>
<result_code><![CDATA[SUCCESS]]></result_code>
<return_code><![CDATA[SUCCESS]]></return_code>
<sign><![CDATA[6D712C24B1DA06FF5EE40D72D6BE971D]]></sign>
<time_end><![CDATA[20170522024458]]></time_end>
<total_fee>15900</total_fee>
<trade_type><![CDATA[NATIVE]]></trade_type>
<transaction_id><![CDATA[4009562001201705221965412838]]></transaction_id>
</xml>


执行日期：2017-05-22-02：44：59
【支付成功】:
<xml><appid><![CDATA[wxbc71eabba91a3232]]></appid>
<attach><![CDATA[24665]]></attach>
<bank_type><![CDATA[CMB_CREDIT]]></bank_type>
<cash_fee><![CDATA[15900]]></cash_fee>
<fee_type><![CDATA[CNY]]></fee_type>
<is_subscribe><![CDATA[N]]></is_subscribe>
<mch_id><![CDATA[1366848402]]></mch_id>
<nonce_str><![CDATA[a0hrq1s97zwtmw3lb07c0kkj151jew6i]]></nonce_str>
<openid><![CDATA[oh1jhw_NuWtza9V_1bIDPJxB1NA8]]></openid>
<out_trade_no><![CDATA[24665]]></out_trade_no>
<result_code><![CDATA[SUCCESS]]></result_code>
<return_code><![CDATA[SUCCESS]]></return_code>
<sign><![CDATA[6D712C24B1DA06FF5EE40D72D6BE971D]]></sign>
<time_end><![CDATA[20170522024458]]></time_end>
<total_fee>15900</total_fee>
<trade_type><![CDATA[NATIVE]]></trade_type>
<transaction_id><![CDATA[4009562001201705221965412838]]></transaction_id>
</xml>


执行日期：2017-05-22-02：45：13
【接收到的notify通知】:
<xml><appid><![CDATA[wxbc71eabba91a3232]]></appid>
<attach><![CDATA[24665]]></attach>
<bank_type><![CDATA[CMB_CREDIT]]></bank_type>
<cash_fee><![CDATA[15900]]></cash_fee>
<fee_type><![CDATA[CNY]]></fee_type>
<is_subscribe><![CDATA[N]]></is_subscribe>
<mch_id><![CDATA[1366848402]]></mch_id>
<nonce_str><![CDATA[a0hrq1s97zwtmw3lb07c0kkj151jew6i]]></nonce_str>
<openid><![CDATA[oh1jhw_NuWtza9V_1bIDPJxB1NA8]]></openid>
<out_trade_no><![CDATA[24665]]></out_trade_no>
<result_code><![CDATA[SUCCESS]]></result_code>
<return_code><![CDATA[SUCCESS]]></return_code>
<sign><![CDATA[6D712C24B1DA06FF5EE40D72D6BE971D]]></sign>
<time_end><![CDATA[20170522024458]]></time_end>
<total_fee>15900</total_fee>
<trade_type><![CDATA[NATIVE]]></trade_type>
<transaction_id><![CDATA[4009562001201705221965412838]]></transaction_id>
</xml>


执行日期：2017-05-22-02：45：13
【支付成功】:
<xml><appid><![CDATA[wxbc71eabba91a3232]]></appid>
<attach><![CDATA[24665]]></attach>
<bank_type><![CDATA[CMB_CREDIT]]></bank_type>
<cash_fee><![CDATA[15900]]></cash_fee>
<fee_type><![CDATA[CNY]]></fee_type>
<is_subscribe><![CDATA[N]]></is_subscribe>
<mch_id><![CDATA[1366848402]]></mch_id>
<nonce_str><![CDATA[a0hrq1s97zwtmw3lb07c0kkj151jew6i]]></nonce_str>
<openid><![CDATA[oh1jhw_NuWtza9V_1bIDPJxB1NA8]]></openid>
<out_trade_no><![CDATA[24665]]></out_trade_no>
<result_code><![CDATA[SUCCESS]]></result_code>
<return_code><![CDATA[SUCCESS]]></return_code>
<sign><![CDATA[6D712C24B1DA06FF5EE40D72D6BE971D]]></sign>
<time_end><![CDATA[20170522024458]]></time_end>
<total_fee>15900</total_fee>
<trade_type><![CDATA[NATIVE]]></trade_type>
<transaction_id><![CDATA[4009562001201705221965412838]]></transaction_id>
</xml>


执行日期：2017-05-22-17：35：37
【接收到的notify通知】:
<xml><appid><![CDATA[wxbc71eabba91a3232]]></appid>
<attach><![CDATA[24725]]></attach>
<bank_type><![CDATA[CFT]]></bank_type>
<cash_fee><![CDATA[5000]]></cash_fee>
<fee_type><![CDATA[CNY]]></fee_type>
<is_subscribe><![CDATA[N]]></is_subscribe>
<mch_id><![CDATA[1366848402]]></mch_id>
<nonce_str><![CDATA[z1lhzodl8c4uv4fhp3voz1mluwwo5fne]]></nonce_str>
<openid><![CDATA[oh1jhw8_DvViswe3vpzqhTG6DtjI]]></openid>
<out_trade_no><![CDATA[24725]]></out_trade_no>
<result_code><![CDATA[SUCCESS]]></result_code>
<return_code><![CDATA[SUCCESS]]></return_code>
<sign><![CDATA[88A5EECA97F9304C8CFFCC5FC066C05D]]></sign>
<time_end><![CDATA[20170522173536]]></time_end>
<total_fee>5000</total_fee>
<trade_type><![CDATA[NATIVE]]></trade_type>
<transaction_id><![CDATA[4009972001201705222066938527]]></transaction_id>
</xml>


执行日期：2017-05-22-17：35：37
【支付成功】:
<xml><appid><![CDATA[wxbc71eabba91a3232]]></appid>
<attach><![CDATA[24725]]></attach>
<bank_type><![CDATA[CFT]]></bank_type>
<cash_fee><![CDATA[5000]]></cash_fee>
<fee_type><![CDATA[CNY]]></fee_type>
<is_subscribe><![CDATA[N]]></is_subscribe>
<mch_id><![CDATA[1366848402]]></mch_id>
<nonce_str><![CDATA[z1lhzodl8c4uv4fhp3voz1mluwwo5fne]]></nonce_str>
<openid><![CDATA[oh1jhw8_DvViswe3vpzqhTG6DtjI]]></openid>
<out_trade_no><![CDATA[24725]]></out_trade_no>
<result_code><![CDATA[SUCCESS]]></result_code>
<return_code><![CDATA[SUCCESS]]></return_code>
<sign><![CDATA[88A5EECA97F9304C8CFFCC5FC066C05D]]></sign>
<time_end><![CDATA[20170522173536]]></time_end>
<total_fee>5000</total_fee>
<trade_type><![CDATA[NATIVE]]></trade_type>
<transaction_id><![CDATA[4009972001201705222066938527]]></transaction_id>
</xml>


执行日期：2017-05-22-17：35：51
【接收到的notify通知】:
<xml><appid><![CDATA[wxbc71eabba91a3232]]></appid>
<attach><![CDATA[24725]]></attach>
<bank_type><![CDATA[CFT]]></bank_type>
<cash_fee><![CDATA[5000]]></cash_fee>
<fee_type><![CDATA[CNY]]></fee_type>
<is_subscribe><![CDATA[N]]></is_subscribe>
<mch_id><![CDATA[1366848402]]></mch_id>
<nonce_str><![CDATA[z1lhzodl8c4uv4fhp3voz1mluwwo5fne]]></nonce_str>
<openid><![CDATA[oh1jhw8_DvViswe3vpzqhTG6DtjI]]></openid>
<out_trade_no><![CDATA[24725]]></out_trade_no>
<result_code><![CDATA[SUCCESS]]></result_code>
<return_code><![CDATA[SUCCESS]]></return_code>
<sign><![CDATA[88A5EECA97F9304C8CFFCC5FC066C05D]]></sign>
<time_end><![CDATA[20170522173536]]></time_end>
<total_fee>5000</total_fee>
<trade_type><![CDATA[NATIVE]]></trade_type>
<transaction_id><![CDATA[4009972001201705222066938527]]></transaction_id>
</xml>


执行日期：2017-05-22-17：35：51
【支付成功】:
<xml><appid><![CDATA[wxbc71eabba91a3232]]></appid>
<attach><![CDATA[24725]]></attach>
<bank_type><![CDATA[CFT]]></bank_type>
<cash_fee><![CDATA[5000]]></cash_fee>
<fee_type><![CDATA[CNY]]></fee_type>
<is_subscribe><![CDATA[N]]></is_subscribe>
<mch_id><![CDATA[1366848402]]></mch_id>
<nonce_str><![CDATA[z1lhzodl8c4uv4fhp3voz1mluwwo5fne]]></nonce_str>
<openid><![CDATA[oh1jhw8_DvViswe3vpzqhTG6DtjI]]></openid>
<out_trade_no><![CDATA[24725]]></out_trade_no>
<result_code><![CDATA[SUCCESS]]></result_code>
<return_code><![CDATA[SUCCESS]]></return_code>
<sign><![CDATA[88A5EECA97F9304C8CFFCC5FC066C05D]]></sign>
<time_end><![CDATA[20170522173536]]></time_end>
<total_fee>5000</total_fee>
<trade_type><![CDATA[NATIVE]]></trade_type>
<transaction_id><![CDATA[4009972001201705222066938527]]></transaction_id>
</xml>


执行日期：2017-05-31-10：18：12
【接收到的notify通知】:
<xml><appid><![CDATA[wxbc71eabba91a3232]]></appid>
<attach><![CDATA[24905]]></attach>
<bank_type><![CDATA[CMB_CREDIT]]></bank_type>
<cash_fee><![CDATA[36442]]></cash_fee>
<coupon_count><![CDATA[1]]></coupon_count>
<coupon_fee>58</coupon_fee>
<coupon_fee_0><![CDATA[58]]></coupon_fee_0>
<coupon_id_0><![CDATA[2000000000179905255]]></coupon_id_0>
<fee_type><![CDATA[CNY]]></fee_type>
<is_subscribe><![CDATA[N]]></is_subscribe>
<mch_id><![CDATA[1366848402]]></mch_id>
<nonce_str><![CDATA[hopap3irql1mstvyhnl2e88wstee5tfg]]></nonce_str>
<openid><![CDATA[oh1jhwwrFK1yMqO6nIrDY1BPH2SI]]></openid>
<out_trade_no><![CDATA[24905]]></out_trade_no>
<result_code><![CDATA[SUCCESS]]></result_code>
<return_code><![CDATA[SUCCESS]]></return_code>
<sign><![CDATA[4EEBD699DFC628A6F8E96BAC3B53D65A]]></sign>
<time_end><![CDATA[20170531101811]]></time_end>
<total_fee>36500</total_fee>
<trade_type><![CDATA[NATIVE]]></trade_type>
<transaction_id><![CDATA[4006192001201705313475144048]]></transaction_id>
</xml>


执行日期：2017-05-31-10：18：12
【支付成功】:
<xml><appid><![CDATA[wxbc71eabba91a3232]]></appid>
<attach><![CDATA[24905]]></attach>
<bank_type><![CDATA[CMB_CREDIT]]></bank_type>
<cash_fee><![CDATA[36442]]></cash_fee>
<coupon_count><![CDATA[1]]></coupon_count>
<coupon_fee>58</coupon_fee>
<coupon_fee_0><![CDATA[58]]></coupon_fee_0>
<coupon_id_0><![CDATA[2000000000179905255]]></coupon_id_0>
<fee_type><![CDATA[CNY]]></fee_type>
<is_subscribe><![CDATA[N]]></is_subscribe>
<mch_id><![CDATA[1366848402]]></mch_id>
<nonce_str><![CDATA[hopap3irql1mstvyhnl2e88wstee5tfg]]></nonce_str>
<openid><![CDATA[oh1jhwwrFK1yMqO6nIrDY1BPH2SI]]></openid>
<out_trade_no><![CDATA[24905]]></out_trade_no>
<result_code><![CDATA[SUCCESS]]></result_code>
<return_code><![CDATA[SUCCESS]]></return_code>
<sign><![CDATA[4EEBD699DFC628A6F8E96BAC3B53D65A]]></sign>
<time_end><![CDATA[20170531101811]]></time_end>
<total_fee>36500</total_fee>
<trade_type><![CDATA[NATIVE]]></trade_type>
<transaction_id><![CDATA[4006192001201705313475144048]]></transaction_id>
</xml>


执行日期：2017-05-31-10：18：29
【接收到的notify通知】:
<xml><appid><![CDATA[wxbc71eabba91a3232]]></appid>
<attach><![CDATA[24905]]></attach>
<bank_type><![CDATA[CMB_CREDIT]]></bank_type>
<cash_fee><![CDATA[36442]]></cash_fee>
<coupon_count><![CDATA[1]]></coupon_count>
<coupon_fee>58</coupon_fee>
<coupon_fee_0><![CDATA[58]]></coupon_fee_0>
<coupon_id_0><![CDATA[2000000000179905255]]></coupon_id_0>
<fee_type><![CDATA[CNY]]></fee_type>
<is_subscribe><![CDATA[N]]></is_subscribe>
<mch_id><![CDATA[1366848402]]></mch_id>
<nonce_str><![CDATA[hopap3irql1mstvyhnl2e88wstee5tfg]]></nonce_str>
<openid><![CDATA[oh1jhwwrFK1yMqO6nIrDY1BPH2SI]]></openid>
<out_trade_no><![CDATA[24905]]></out_trade_no>
<result_code><![CDATA[SUCCESS]]></result_code>
<return_code><![CDATA[SUCCESS]]></return_code>
<sign><![CDATA[4EEBD699DFC628A6F8E96BAC3B53D65A]]></sign>
<time_end><![CDATA[20170531101811]]></time_end>
<total_fee>36500</total_fee>
<trade_type><![CDATA[NATIVE]]></trade_type>
<transaction_id><![CDATA[4006192001201705313475144048]]></transaction_id>
</xml>


执行日期：2017-05-31-10：18：29
【支付成功】:
<xml><appid><![CDATA[wxbc71eabba91a3232]]></appid>
<attach><![CDATA[24905]]></attach>
<bank_type><![CDATA[CMB_CREDIT]]></bank_type>
<cash_fee><![CDATA[36442]]></cash_fee>
<coupon_count><![CDATA[1]]></coupon_count>
<coupon_fee>58</coupon_fee>
<coupon_fee_0><![CDATA[58]]></coupon_fee_0>
<coupon_id_0><![CDATA[2000000000179905255]]></coupon_id_0>
<fee_type><![CDATA[CNY]]></fee_type>
<is_subscribe><![CDATA[N]]></is_subscribe>
<mch_id><![CDATA[1366848402]]></mch_id>
<nonce_str><![CDATA[hopap3irql1mstvyhnl2e88wstee5tfg]]></nonce_str>
<openid><![CDATA[oh1jhwwrFK1yMqO6nIrDY1BPH2SI]]></openid>
<out_trade_no><![CDATA[24905]]></out_trade_no>
<result_code><![CDATA[SUCCESS]]></result_code>
<return_code><![CDATA[SUCCESS]]></return_code>
<sign><![CDATA[4EEBD699DFC628A6F8E96BAC3B53D65A]]></sign>
<time_end><![CDATA[20170531101811]]></time_end>
<total_fee>36500</total_fee>
<trade_type><![CDATA[NATIVE]]></trade_type>
<transaction_id><![CDATA[4006192001201705313475144048]]></transaction_id>
</xml>


执行日期：2017-06-10-21：01：26
【接收到的notify通知】:
<xml><appid><![CDATA[wxbc71eabba91a3232]]></appid>
<attach><![CDATA[25133]]></attach>
<bank_type><![CDATA[CFT]]></bank_type>
<cash_fee><![CDATA[1]]></cash_fee>
<fee_type><![CDATA[CNY]]></fee_type>
<is_subscribe><![CDATA[Y]]></is_subscribe>
<mch_id><![CDATA[1366848402]]></mch_id>
<nonce_str><![CDATA[q625vxpksb0vkctogqd6j2uv58ffxhoz]]></nonce_str>
<openid><![CDATA[oh1jhww5gmMfFIkCaTu50oYuXVnY]]></openid>
<out_trade_no><![CDATA[25133]]></out_trade_no>
<result_code><![CDATA[SUCCESS]]></result_code>
<return_code><![CDATA[SUCCESS]]></return_code>
<sign><![CDATA[4C893246995436C3D954F0DACA183F73]]></sign>
<time_end><![CDATA[20170610210124]]></time_end>
<total_fee>1</total_fee>
<trade_type><![CDATA[NATIVE]]></trade_type>
<transaction_id><![CDATA[4004472001201706105168098222]]></transaction_id>
</xml>


执行日期：2017-06-10-21：01：26
【支付成功】:
<xml><appid><![CDATA[wxbc71eabba91a3232]]></appid>
<attach><![CDATA[25133]]></attach>
<bank_type><![CDATA[CFT]]></bank_type>
<cash_fee><![CDATA[1]]></cash_fee>
<fee_type><![CDATA[CNY]]></fee_type>
<is_subscribe><![CDATA[Y]]></is_subscribe>
<mch_id><![CDATA[1366848402]]></mch_id>
<nonce_str><![CDATA[q625vxpksb0vkctogqd6j2uv58ffxhoz]]></nonce_str>
<openid><![CDATA[oh1jhww5gmMfFIkCaTu50oYuXVnY]]></openid>
<out_trade_no><![CDATA[25133]]></out_trade_no>
<result_code><![CDATA[SUCCESS]]></result_code>
<return_code><![CDATA[SUCCESS]]></return_code>
<sign><![CDATA[4C893246995436C3D954F0DACA183F73]]></sign>
<time_end><![CDATA[20170610210124]]></time_end>
<total_fee>1</total_fee>
<trade_type><![CDATA[NATIVE]]></trade_type>
<transaction_id><![CDATA[4004472001201706105168098222]]></transaction_id>
</xml>


执行日期：2017-06-19-15：06：20
【接收到的notify通知】:
<xml><appid><![CDATA[wxbc71eabba91a3232]]></appid>
<attach><![CDATA[25529]]></attach>
<bank_type><![CDATA[BOC_DEBIT]]></bank_type>
<cash_fee><![CDATA[48930]]></cash_fee>
<fee_type><![CDATA[CNY]]></fee_type>
<is_subscribe><![CDATA[N]]></is_subscribe>
<mch_id><![CDATA[1366848402]]></mch_id>
<nonce_str><![CDATA[4n1578iq49yoi734bpevckcxbhzczmb7]]></nonce_str>
<openid><![CDATA[oh1jhw0YQWodpiNHLeJEXQOyjkpA]]></openid>
<out_trade_no><![CDATA[25529]]></out_trade_no>
<result_code><![CDATA[SUCCESS]]></result_code>
<return_code><![CDATA[SUCCESS]]></return_code>
<sign><![CDATA[3E66EA3A36A87230697EA359A7264A83]]></sign>
<time_end><![CDATA[20170619150620]]></time_end>
<total_fee>48930</total_fee>
<trade_type><![CDATA[NATIVE]]></trade_type>
<transaction_id><![CDATA[4004832001201706196449547499]]></transaction_id>
</xml>


执行日期：2017-06-19-15：06：20
【支付成功】:
<xml><appid><![CDATA[wxbc71eabba91a3232]]></appid>
<attach><![CDATA[25529]]></attach>
<bank_type><![CDATA[BOC_DEBIT]]></bank_type>
<cash_fee><![CDATA[48930]]></cash_fee>
<fee_type><![CDATA[CNY]]></fee_type>
<is_subscribe><![CDATA[N]]></is_subscribe>
<mch_id><![CDATA[1366848402]]></mch_id>
<nonce_str><![CDATA[4n1578iq49yoi734bpevckcxbhzczmb7]]></nonce_str>
<openid><![CDATA[oh1jhw0YQWodpiNHLeJEXQOyjkpA]]></openid>
<out_trade_no><![CDATA[25529]]></out_trade_no>
<result_code><![CDATA[SUCCESS]]></result_code>
<return_code><![CDATA[SUCCESS]]></return_code>
<sign><![CDATA[3E66EA3A36A87230697EA359A7264A83]]></sign>
<time_end><![CDATA[20170619150620]]></time_end>
<total_fee>48930</total_fee>
<trade_type><![CDATA[NATIVE]]></trade_type>
<transaction_id><![CDATA[4004832001201706196449547499]]></transaction_id>
</xml>


执行日期：2017-06-29-12：11：52
【接收到的notify通知】:
<xml><appid><![CDATA[wxbc71eabba91a3232]]></appid>
<attach><![CDATA[25865]]></attach>
<bank_type><![CDATA[PSBC_DEBIT]]></bank_type>
<cash_fee><![CDATA[50000]]></cash_fee>
<fee_type><![CDATA[CNY]]></fee_type>
<is_subscribe><![CDATA[N]]></is_subscribe>
<mch_id><![CDATA[1366848402]]></mch_id>
<nonce_str><![CDATA[lr6wkjacdfyhc68sdy5qlgmhj2vqwl5u]]></nonce_str>
<openid><![CDATA[oh1jhwzjBa_JjaFElQYnKYmGzVYU]]></openid>
<out_trade_no><![CDATA[25865]]></out_trade_no>
<result_code><![CDATA[SUCCESS]]></result_code>
<return_code><![CDATA[SUCCESS]]></return_code>
<sign><![CDATA[C9C283F268FC3C49FD5285393265371E]]></sign>
<time_end><![CDATA[20170629121151]]></time_end>
<total_fee>50000</total_fee>
<trade_type><![CDATA[NATIVE]]></trade_type>
<transaction_id><![CDATA[4004462001201706297944294489]]></transaction_id>
</xml>


执行日期：2017-06-29-12：11：52
【支付成功】:
<xml><appid><![CDATA[wxbc71eabba91a3232]]></appid>
<attach><![CDATA[25865]]></attach>
<bank_type><![CDATA[PSBC_DEBIT]]></bank_type>
<cash_fee><![CDATA[50000]]></cash_fee>
<fee_type><![CDATA[CNY]]></fee_type>
<is_subscribe><![CDATA[N]]></is_subscribe>
<mch_id><![CDATA[1366848402]]></mch_id>
<nonce_str><![CDATA[lr6wkjacdfyhc68sdy5qlgmhj2vqwl5u]]></nonce_str>
<openid><![CDATA[oh1jhwzjBa_JjaFElQYnKYmGzVYU]]></openid>
<out_trade_no><![CDATA[25865]]></out_trade_no>
<result_code><![CDATA[SUCCESS]]></result_code>
<return_code><![CDATA[SUCCESS]]></return_code>
<sign><![CDATA[C9C283F268FC3C49FD5285393265371E]]></sign>
<time_end><![CDATA[20170629121151]]></time_end>
<total_fee>50000</total_fee>
<trade_type><![CDATA[NATIVE]]></trade_type>
<transaction_id><![CDATA[4004462001201706297944294489]]></transaction_id>
</xml>


执行日期：2017-06-29-12：12：05
【接收到的notify通知】:
<xml><appid><![CDATA[wxbc71eabba91a3232]]></appid>
<attach><![CDATA[25865]]></attach>
<bank_type><![CDATA[PSBC_DEBIT]]></bank_type>
<cash_fee><![CDATA[50000]]></cash_fee>
<fee_type><![CDATA[CNY]]></fee_type>
<is_subscribe><![CDATA[N]]></is_subscribe>
<mch_id><![CDATA[1366848402]]></mch_id>
<nonce_str><![CDATA[lr6wkjacdfyhc68sdy5qlgmhj2vqwl5u]]></nonce_str>
<openid><![CDATA[oh1jhwzjBa_JjaFElQYnKYmGzVYU]]></openid>
<out_trade_no><![CDATA[25865]]></out_trade_no>
<result_code><![CDATA[SUCCESS]]></result_code>
<return_code><![CDATA[SUCCESS]]></return_code>
<sign><![CDATA[C9C283F268FC3C49FD5285393265371E]]></sign>
<time_end><![CDATA[20170629121151]]></time_end>
<total_fee>50000</total_fee>
<trade_type><![CDATA[NATIVE]]></trade_type>
<transaction_id><![CDATA[4004462001201706297944294489]]></transaction_id>
</xml>


执行日期：2017-06-29-12：12：05
【支付成功】:
<xml><appid><![CDATA[wxbc71eabba91a3232]]></appid>
<attach><![CDATA[25865]]></attach>
<bank_type><![CDATA[PSBC_DEBIT]]></bank_type>
<cash_fee><![CDATA[50000]]></cash_fee>
<fee_type><![CDATA[CNY]]></fee_type>
<is_subscribe><![CDATA[N]]></is_subscribe>
<mch_id><![CDATA[1366848402]]></mch_id>
<nonce_str><![CDATA[lr6wkjacdfyhc68sdy5qlgmhj2vqwl5u]]></nonce_str>
<openid><![CDATA[oh1jhwzjBa_JjaFElQYnKYmGzVYU]]></openid>
<out_trade_no><![CDATA[25865]]></out_trade_no>
<result_code><![CDATA[SUCCESS]]></result_code>
<return_code><![CDATA[SUCCESS]]></return_code>
<sign><![CDATA[C9C283F268FC3C49FD5285393265371E]]></sign>
<time_end><![CDATA[20170629121151]]></time_end>
<total_fee>50000</total_fee>
<trade_type><![CDATA[NATIVE]]></trade_type>
<transaction_id><![CDATA[4004462001201706297944294489]]></transaction_id>
</xml>


